[2m2024-08-17T19:39:59.310813Z[0m [32m INFO[0m [2mvoxelland::statics[0m[2m:[0m UUID file loaded, its d71c8c9f-db85-413c-93e3-7cf774b9f53c.
[2m2024-08-17T19:39:59.310919Z[0m [32m INFO[0m [2mvoxelland::statics[0m[2m:[0m UUID file loaded.
[2m2024-08-17T19:40:01.539711Z[0m [32m INFO[0m [2mvoxelland::game[0m[2m:[0m Visions camera direction: 0 0 1
[2m2024-08-17T19:40:02.271947Z[0m [32m INFO[0m [2mvoxelland::game[0m[2m:[0m gltf model count: 7
[2m2024-08-17T19:40:02.271970Z[0m [32m INFO[0m [2mvoxelland::model[0m[2m:[0m Loading external image: camera_camera_Normal.png
[2m2024-08-17T19:40:02.273179Z[0m [32m INFO[0m [2mvoxelland::model[0m[2m:[0m Image loaded successfully.
[2m2024-08-17T19:40:02.313023Z[0m [32m INFO[0m [2mvoxelland::model[0m[2m:[0m Loading external image: camera_camera_BaseColor.png
[2m2024-08-17T19:40:02.313691Z[0m [32m INFO[0m [2mvoxelland::model[0m[2m:[0m Image loaded successfully.
[2m2024-08-17T19:40:02.345903Z[0m [32m INFO[0m [2mvoxelland::model[0m[2m:[0m Loading external image: camera_camera_Roughness.png
[2m2024-08-17T19:40:02.346799Z[0m [32m INFO[0m [2mvoxelland::model[0m[2m:[0m Image loaded successfully.
[2m2024-08-17T19:40:02.365624Z[0m [32m INFO[0m [2mvoxelland::model[0m[2m:[0m Loading external image: camera_tripod_Normal.png
[2m2024-08-17T19:40:02.366443Z[0m [32m INFO[0m [2mvoxelland::model[0m[2m:[0m Image loaded successfully.
[2m2024-08-17T19:40:02.404584Z[0m [32m INFO[0m [2mvoxelland::model[0m[2m:[0m Loading external image: camera_tripod_BaseColor.png
[2m2024-08-17T19:40:02.405986Z[0m [32m INFO[0m [2mvoxelland::model[0m[2m:[0m Image loaded successfully.
[2m2024-08-17T19:40:02.449846Z[0m [32m INFO[0m [2mvoxelland::model[0m[2m:[0m Loading external image: camera_tripod_Roughness.png
[2m2024-08-17T19:40:02.450730Z[0m [32m INFO[0m [2mvoxelland::model[0m[2m:[0m Image loaded successfully.
[2m2024-08-17T19:40:02.468264Z[0m [32m INFO[0m [2mvoxelland::model[0m[2m:[0m Loading external image: camera_camera_Normal.png
[2m2024-08-17T19:40:02.469661Z[0m [32m INFO[0m [2mvoxelland::model[0m[2m:[0m Image loaded successfully.
[2m2024-08-17T19:40:02.509408Z[0m [32m INFO[0m [2mvoxelland::model[0m[2m:[0m Loading external image: camera_camera_BaseColor.png
[2m2024-08-17T19:40:02.510011Z[0m [32m INFO[0m [2mvoxelland::model[0m[2m:[0m Image loaded successfully.
[2m2024-08-17T19:40:02.543576Z[0m [32m INFO[0m [2mvoxelland::model[0m[2m:[0m Loading external image: camera_camera_Roughness.png
[2m2024-08-17T19:40:02.544687Z[0m [32m INFO[0m [2mvoxelland::model[0m[2m:[0m Image loaded successfully.
[2m2024-08-17T19:40:02.564062Z[0m [32m INFO[0m [2mvoxelland::model[0m[2m:[0m Loading external image: camera_tripod_Normal.png
[2m2024-08-17T19:40:02.565010Z[0m [32m INFO[0m [2mvoxelland::model[0m[2m:[0m Image loaded successfully.
[2m2024-08-17T19:40:02.605212Z[0m [32m INFO[0m [2mvoxelland::model[0m[2m:[0m Loading external image: camera_tripod_BaseColor.png
[2m2024-08-17T19:40:02.606612Z[0m [32m INFO[0m [2mvoxelland::model[0m[2m:[0m Image loaded successfully.
[2m2024-08-17T19:40:02.652270Z[0m [32m INFO[0m [2mvoxelland::model[0m[2m:[0m Loading external image: camera_tripod_Roughness.png
[2m2024-08-17T19:40:02.653053Z[0m [32m INFO[0m [2mvoxelland::model[0m[2m:[0m Image loaded successfully.
[2m2024-08-17T19:40:02.671172Z[0m [32m INFO[0m [2mvoxelland::model[0m[2m:[0m Loading external image: Tree01_Albedo_Light.png
[2m2024-08-17T19:40:02.672399Z[0m [32m INFO[0m [2mvoxelland::model[0m[2m:[0m Image loaded successfully.
[2m2024-08-17T19:40:02.707602Z[0m [32m INFO[0m [2mvoxelland::model[0m[2m:[0m Loading external image: DiffuseBullyMan.png
[2m2024-08-17T19:40:02.713607Z[0m [32m INFO[0m [2mvoxelland::model[0m[2m:[0m Image loaded successfully.
[2m2024-08-17T19:40:02.892253Z[0m [32m INFO[0m [2mvoxelland::model[0m[2m:[0m Loading external image: Image.png
[2m2024-08-17T19:40:02.892375Z[0m [32m INFO[0m [2mvoxelland::model[0m[2m:[0m Image loaded successfully.
[2m2024-08-17T19:40:02.892829Z[0m [32m INFO[0m [2mvoxelland::model[0m[2m:[0m Loading embedded image from buffer index: 0
[2m2024-08-17T19:40:02.940102Z[0m [32m INFO[0m [2mvoxelland::model[0m[2m:[0m Loading embedded image from buffer index: 0
[2m2024-08-17T19:40:02.970433Z[0m [32m INFO[0m [2mvoxelland::model[0m[2m:[0m Loading embedded image from buffer index: 0
[2m2024-08-17T19:40:03.011465Z[0m [32m INFO[0m [2mvoxelland::model[0m[2m:[0m Loading embedded image from buffer index: 0
[2m2024-08-17T19:40:03.020381Z[0m [32m INFO[0m [2mvoxelland::model[0m[2m:[0m Loading external image: Untitled.png
[2m2024-08-17T19:40:03.020973Z[0m [32m INFO[0m [2mvoxelland::model[0m[2m:[0m Image loaded successfully.
[2m2024-08-17T19:40:03.030156Z[0m [32m INFO[0m [2mvoxelland::model[0m[2m:[0m Loading external image: cricketback.png
[2m2024-08-17T19:40:03.030251Z[0m [32m INFO[0m [2mvoxelland::model[0m[2m:[0m Image loaded successfully.
[2m2024-08-17T19:40:03.030281Z[0m [32m INFO[0m [2mvoxelland::model[0m[2m:[0m Loading external image: cricketface.png
[2m2024-08-17T19:40:03.030315Z[0m [32m INFO[0m [2mvoxelland::model[0m[2m:[0m Image loaded successfully.
[2m2024-08-17T19:40:03.030406Z[0m [32m INFO[0m [2mvoxelland::model[0m[2m:[0m Loading external image: cricketantennae.png
[2m2024-08-17T19:40:03.030437Z[0m [32m INFO[0m [2mvoxelland::model[0m[2m:[0m Image loaded successfully.
[2m2024-08-17T19:40:03.030510Z[0m [32m INFO[0m [2mvoxelland::model[0m[2m:[0m Loading external image: cricketleg.png
[2m2024-08-17T19:40:03.030578Z[0m [32m INFO[0m [2mvoxelland::model[0m[2m:[0m Image loaded successfully.
[2m2024-08-17T19:40:03.030661Z[0m [32m INFO[0m [2mvoxelland::model[0m[2m:[0m Loading external image: cricketbody.png
[2m2024-08-17T19:40:03.030714Z[0m [32m INFO[0m [2mvoxelland::model[0m[2m:[0m Image loaded successfully.
[2m2024-08-17T19:40:03.306344Z[0m [32m INFO[0m [2mvoxelland_client[0m[2m:[0m gltf model count: 7
[2m2024-08-17T19:40:22.254616Z[0m [32m INFO[0m [2mvoxelland::game[0m[2m:[0m Hit normal is 0 1 0
[2m2024-08-17T19:40:22.254622Z[0m [32m INFO[0m [2mvoxelland::game[0m[2m:[0m Attempting to place 49 at -15 83 75
[2m2024-08-17T19:40:23.812566Z[0m [32m INFO[0m [2mvoxelland::game[0m[2m:[0m Hit normal is 0 1 0
[2m2024-08-17T19:40:23.812573Z[0m [32m INFO[0m [2mvoxelland::game[0m[2m:[0m Attempting to place 49 at -7 81 80
[2m2024-08-17T19:40:24.546151Z[0m [32m INFO[0m [2mvoxelland::game[0m[2m:[0m Hit normal is -1 0 0
[2m2024-08-17T19:40:24.546158Z[0m [32m INFO[0m [2mvoxelland::game[0m[2m:[0m Attempting to place 49 at -3 79 80
[2m2024-08-17T19:40:25.413239Z[0m [32m INFO[0m [2mvoxelland::game[0m[2m:[0m Hit normal is 0 1 0
[2m2024-08-17T19:40:25.413246Z[0m [32m INFO[0m [2mvoxelland::game[0m[2m:[0m Attempting to place 49 at 4 79 80
[2m2024-08-17T19:40:33.789310Z[0m [32m INFO[0m [2mvoxelland::game[0m[2m:[0m Hit normal is 0 1 0
[2m2024-08-17T19:40:33.789318Z[0m [32m INFO[0m [2mvoxelland::game[0m[2m:[0m Attempting to place 49 at 22 76 77
[2m2024-08-17T19:40:34.696619Z[0m [32m INFO[0m [2mvoxelland::game[0m[2m:[0m Hit normal is 0 1 0
[2m2024-08-17T19:40:34.696626Z[0m [32m INFO[0m [2mvoxelland::game[0m[2m:[0m Attempting to place 49 at 28 76 79
[2m2024-08-17T19:40:35.776999Z[0m [32m INFO[0m [2mvoxelland::game[0m[2m:[0m Hit normal is 0 1 0
[2m2024-08-17T19:40:35.777005Z[0m [32m INFO[0m [2mvoxelland::game[0m[2m:[0m Attempting to place 49 at 35 76 74
[2m2024-08-17T19:40:41.139093Z[0m [32m INFO[0m [2mvoxelland::game[0m[2m:[0m Hit normal is 0 1 0
[2m2024-08-17T19:40:41.139101Z[0m [32m INFO[0m [2mvoxelland::game[0m[2m:[0m Attempting to place 49 at 28 77 71
[2m2024-08-17T19:40:42.472192Z[0m [32m INFO[0m [2mvoxelland::game[0m[2m:[0m Hit normal is 0 1 0
[2m2024-08-17T19:40:42.472199Z[0m [32m INFO[0m [2mvoxelland::game[0m[2m:[0m Attempting to place 49 at 29 76 74
[2m2024-08-17T19:40:43.339400Z[0m [32m INFO[0m [2mvoxelland::game[0m[2m:[0m Hit normal is 0 1 0
[2m2024-08-17T19:40:43.339408Z[0m [32m INFO[0m [2mvoxelland::game[0m[2m:[0m Attempting to place 49 at 32 76 72
